[debug] [2025-10-29T17:29:51.763Z] ----------------------------------------------------------------------
[debug] [2025-10-29T17:29:51.790Z] Command:       C:\User\tripa\nodejs\node.exe C:\Users\tripa\AppData\Roaming\npm\node_modules\firebase-tools\lib\bin\firebase.js init
[debug] [2025-10-29T17:29:51.792Z] CLI Version:   14.22.0
[debug] [2025-10-29T17:29:51.792Z] Platform:      win32
[debug] [2025-10-29T17:29:51.793Z] Node Version:  v22.12.0
[debug] [2025-10-29T17:29:51.794Z] Time:          Wed Oct 29 2025 22:59:51 GMT+0530 (India Standard Time)
[debug] [2025-10-29T17:29:51.795Z] ----------------------------------------------------------------------
[debug] 
[info] 
     ######## #### ########  ######## ########     ###     ######  ########
     ##        ##  ##     ## ##       ##     ##  ##   ##  ##       ##
     ######    ##  ########  ######   ########  #########  ######  ######
     ##        ##  ##    ##  ##       ##     ## ##     ##       ## ##
     ##       #### ##     ## ######## ########  ##     ##  ######  ########

You're about to initialize a Firebase project in this directory:

  C:\Users\tripa\JobFinderMSP

[info] 
=== Project Setup
[info] 
[info] First, let's associate this project directory with a Firebase project.
[info] You can create multiple project aliases by running firebase use --add, 
[info] 
[info] i  If you want to create a project in a Google Cloud organization or folder, please use "firebase projects:create" instead, and return to this command when you've created the project. 
[debug] [2025-10-29T17:30:12.772Z] > command requires scopes: ["email","openid","https://www.googleapis.com/auth/cloudplatformprojects.readonly","https://www.googleapis.com/auth/firebase","https://www.googleapis.com/auth/cloud-platform"]
[debug] [2025-10-29T17:30:12.773Z] > authorizing via signed-in user (kirti.tripathi2023@vitstudent.ac.in)
[debug] [2025-10-29T17:30:22.355Z] Checked if tokens are valid: true, expires at: 1761762356033
[debug] [2025-10-29T17:30:22.355Z] Checked if tokens are valid: true, expires at: 1761762356033
[debug] [2025-10-29T17:30:22.361Z] >>> [apiv2][query] POST https://firebase.googleapis.com/v1/projects:checkProjectId [none]
[debug] [2025-10-29T17:30:22.362Z] >>> [apiv2][body] POST https://firebase.googleapis.com/v1/projects:checkProjectId {"proposedId":"jobfindermsp"}
[debug] [2025-10-29T17:30:26.565Z] <<< [apiv2][status] POST https://firebase.googleapis.com/v1/projects:checkProjectId 200
[debug] [2025-10-29T17:30:26.565Z] <<< [apiv2][body] POST https://firebase.googleapis.com/v1/projects:checkProjectId {"projectIdStatus":"PROJECT_ID_AVAILABLE","suggestedProjectId":"jobfindermsp"}
[debug] [2025-10-29T17:30:34.152Z] Checked if tokens are valid: true, expires at: 1761762356033
[debug] [2025-10-29T17:30:34.152Z] Checked if tokens are valid: true, expires at: 1761762356033
[debug] [2025-10-29T17:30:34.153Z] >>> [apiv2][query] POST https://cloudresourcemanager.googleapis.com/v1/projects [none]
[debug] [2025-10-29T17:30:34.153Z] >>> [apiv2][body] POST https://cloudresourcemanager.googleapis.com/v1/projects {"projectId":"jobfindermsp","name":"jobfindermsp"}
[debug] [2025-10-29T17:30:36.828Z] <<< [apiv2][status] POST https://cloudresourcemanager.googleapis.com/v1/projects 200
[debug] [2025-10-29T17:30:36.829Z] <<< [apiv2][body] POST https://cloudresourcemanager.googleapis.com/v1/projects {"name":"operations/create_project.global.6432077547695744359"}
[debug] [2025-10-29T17:30:36.831Z] Checked if tokens are valid: true, expires at: 1761762356033
[debug] [2025-10-29T17:30:36.831Z] Checked if tokens are valid: true, expires at: 1761762356033
[debug] [2025-10-29T17:30:36.832Z] >>> [apiv2][query] GET https://cloudresourcemanager.googleapis.com/v1/operations/create_project.global.6432077547695744359 [none]
[debug] [2025-10-29T17:30:38.524Z] <<< [apiv2][status] GET https://cloudresourcemanager.googleapis.com/v1/operations/create_project.global.6432077547695744359 200
[debug] [2025-10-29T17:30:38.524Z] <<< [apiv2][body] GET https://cloudresourcemanager.googleapis.com/v1/operations/create_project.global.6432077547695744359 {"name":"operations/create_project.global.6432077547695744359","metadata":{"@type":"type.googleapis.com/google.cloudresourcemanager.v1.ProjectCreationStatus","ready":true},"done":true,"error":{"code":9,"message":"Callers must accept Terms of Service","details":[{"@type":"type.googleapis.com/google.rpc.PreconditionFailure","violations":[{"type":"TOS","subject":"cloud","description":"Callers must accept Terms of Service"}]}]}}
[debug] [2025-10-29T17:30:38.642Z] FirebaseError: Callers must accept Terms of Service
    at OperationPoller.poll (C:\Users\tripa\AppData\Roaming\npm\node_modules\firebase-tools\lib\operation-poller.js:24:19)
    at process.processTicksAndRejections (node:internal/process/task_queues:105:5)
    at async createCloudProject (C:\Users\tripa\AppData\Roaming\npm\node_modules\firebase-tools\lib\management\projects.js:227:29)
    at async createFirebaseProjectAndLog (C:\Users\tripa\AppData\Roaming\npm\node_modules\firebase-tools\lib\management\projects.js:87:9)
    at async Object.doSetup (C:\Users\tripa\AppData\Roaming\npm\node_modules\firebase-tools\lib\init\features\project.js:65:24)
    at async init (C:\Users\tripa\AppData\Roaming\npm\node_modules\firebase-tools\lib\init\index.js:77:13)
    at async Command.initAction [as actionFn] (C:\Users\tripa\AppData\Roaming\npm\node_modules\firebase-tools\lib\commands\init.js:219:5)
[error] 
[error] Error: Failed to create project. See firebase-debug.log for more info.
